<?xml version="1.0" encoding="UTF-8"?>
<testsuite name="com.flow.file_extension_block.domain.ext_file.service.ExtFilePolicyServiceTest" tests="2" skipped="0" failures="0" errors="0" timestamp="2025-11-07T02:53:22.206Z" hostname="LEE" time="0.203">
  <properties/>
  <testcase name="addCustomExtension_shouldThrowExceptionWhenDuplicateName()" classname="com.flow.file_extension_block.domain.ext_file.service.ExtFilePolicyServiceTest" time="0.184"/>
  <testcase name="addCustomExtension_shouldRegisterSuccessfully()" classname="com.flow.file_extension_block.domain.ext_file.service.ExtFilePolicyServiceTest" time="0.018"/>
  <system-out><![CDATA[2025-11-07T11:53:22.191+09:00  INFO 15028 --- [file-extension-block] [    Test worker] t.c.s.AnnotationConfigContextLoaderUtils : Could not detect default configuration classes for test class [com.flow.file_extension_block.domain.ext_file.service.ExtFilePolicyServiceTest]: ExtFilePolicyServiceTest does not declare any static, non-private, non-final, nested classes annotated with @Configuration.
2025-11-07T11:53:22.204+09:00  INFO 15028 --- [file-extension-block] [    Test worker] .b.t.c.SpringBootTestContextBootstrapper : Found @SpringBootConfiguration com.flow.file_extension_block.FileExtensionBlockApplication for test class com.flow.file_extension_block.domain.ext_file.service.ExtFilePolicyServiceTest
2025-11-07T11:53:22.303+09:00 DEBUG 15028 --- [file-extension-block] [    Test worker] org.hibernate.SQL                        : 
    select
        count(efpe1_0.id) 
    from
        ext_file_policy efpe1_0 
    where
        efpe1_0.type=?
Hibernate: 
    select
        count(efpe1_0.id) 
    from
        ext_file_policy efpe1_0 
    where
        efpe1_0.type=?
2025-11-07T11:53:22.319+09:00 DEBUG 15028 --- [file-extension-block] [    Test worker] org.hibernate.SQL                        : 
    select
        efpe1_0.id,
        efpe1_0.created_ip,
        efpe1_0.cs_add_status,
        efpe1_0.is_active,
        efpe1_0.name,
        efpe1_0.note,
        efpe1_0.post_date,
        efpe1_0.px_status,
        efpe1_0.type,
        efpe1_0.update_date 
    from
        ext_file_policy efpe1_0 
    where
        efpe1_0.name=?
Hibernate: 
    select
        efpe1_0.id,
        efpe1_0.created_ip,
        efpe1_0.cs_add_status,
        efpe1_0.is_active,
        efpe1_0.name,
        efpe1_0.note,
        efpe1_0.post_date,
        efpe1_0.px_status,
        efpe1_0.type,
        efpe1_0.update_date 
    from
        ext_file_policy efpe1_0 
    where
        efpe1_0.name=?
2025-11-07T11:53:22.329+09:00  INFO 15028 --- [file-extension-block] [    Test worker] c.f.f.d.e.service.ExtFilePolicyService   : [SECURITY] Custom extension added → name=duplicate, ipHash=12ca17b49af2..., status=Y, active=0, updateDate=2025-11-07T11:53:22.329008500
2025-11-07T11:53:22.358+09:00 DEBUG 15028 --- [file-extension-block] [    Test worker] org.hibernate.SQL                        : 
    insert 
    into
        ext_file_policy
        (created_ip, cs_add_status, is_active, name, note, post_date, px_status, type, update_date) 
    values
        (?, ?, ?, ?, ?, ?, ?, ?, ?)
Hibernate: 
    insert 
    into
        ext_file_policy
        (created_ip, cs_add_status, is_active, name, note, post_date, px_status, type, update_date) 
    values
        (?, ?, ?, ?, ?, ?, ?, ?, ?)
2025-11-07T11:53:22.380+09:00 DEBUG 15028 --- [file-extension-block] [    Test worker] org.hibernate.SQL                        : 
    select
        count(efpe1_0.id) 
    from
        ext_file_policy efpe1_0 
    where
        efpe1_0.type=?
Hibernate: 
    select
        count(efpe1_0.id) 
    from
        ext_file_policy efpe1_0 
    where
        efpe1_0.type=?
2025-11-07T11:53:22.383+09:00 DEBUG 15028 --- [file-extension-block] [    Test worker] org.hibernate.SQL                        : 
    select
        efpe1_0.id,
        efpe1_0.created_ip,
        efpe1_0.cs_add_status,
        efpe1_0.is_active,
        efpe1_0.name,
        efpe1_0.note,
        efpe1_0.post_date,
        efpe1_0.px_status,
        efpe1_0.type,
        efpe1_0.update_date 
    from
        ext_file_policy efpe1_0 
    where
        efpe1_0.name=?
Hibernate: 
    select
        efpe1_0.id,
        efpe1_0.created_ip,
        efpe1_0.cs_add_status,
        efpe1_0.is_active,
        efpe1_0.name,
        efpe1_0.note,
        efpe1_0.post_date,
        efpe1_0.px_status,
        efpe1_0.type,
        efpe1_0.update_date 
    from
        ext_file_policy efpe1_0 
    where
        efpe1_0.name=?
2025-11-07T11:53:22.393+09:00 DEBUG 15028 --- [file-extension-block] [    Test worker] org.hibernate.SQL                        : 
    select
        count(efpe1_0.id) 
    from
        ext_file_policy efpe1_0 
    where
        efpe1_0.type=?
Hibernate: 
    select
        count(efpe1_0.id) 
    from
        ext_file_policy efpe1_0 
    where
        efpe1_0.type=?
2025-11-07T11:53:22.396+09:00 DEBUG 15028 --- [file-extension-block] [    Test worker] org.hibernate.SQL                        : 
    select
        efpe1_0.id,
        efpe1_0.created_ip,
        efpe1_0.cs_add_status,
        efpe1_0.is_active,
        efpe1_0.name,
        efpe1_0.note,
        efpe1_0.post_date,
        efpe1_0.px_status,
        efpe1_0.type,
        efpe1_0.update_date 
    from
        ext_file_policy efpe1_0 
    where
        efpe1_0.name=?
Hibernate: 
    select
        efpe1_0.id,
        efpe1_0.created_ip,
        efpe1_0.cs_add_status,
        efpe1_0.is_active,
        efpe1_0.name,
        efpe1_0.note,
        efpe1_0.post_date,
        efpe1_0.px_status,
        efpe1_0.type,
        efpe1_0.update_date 
    from
        ext_file_policy efpe1_0 
    where
        efpe1_0.name=?
2025-11-07T11:53:22.398+09:00  INFO 15028 --- [file-extension-block] [    Test worker] c.f.f.d.e.service.ExtFilePolicyService   : [SECURITY] Custom extension added → name=testext, ipHash=12ca17b49af2..., status=Y, active=0, updateDate=2025-11-07T11:53:22.398993100
2025-11-07T11:53:22.399+09:00 DEBUG 15028 --- [file-extension-block] [    Test worker] org.hibernate.SQL                        : 
    insert 
    into
        ext_file_policy
        (created_ip, cs_add_status, is_active, name, note, post_date, px_status, type, update_date) 
    values
        (?, ?, ?, ?, ?, ?, ?, ?, ?)
Hibernate: 
    insert 
    into
        ext_file_policy
        (created_ip, cs_add_status, is_active, name, note, post_date, px_status, type, update_date) 
    values
        (?, ?, ?, ?, ?, ?, ?, ?, ?)
]]></system-out>
  <system-err><![CDATA[]]></system-err>
</testsuite>
