<?xml version="1.0" encoding="UTF-8"?>
<testsuite name="com.flow.file_extension_block.FileExtensionBlockApplicationTests" tests="1" skipped="0" failures="0" errors="0" timestamp="2025-11-07T03:54:38.940Z" hostname="LEE" time="0.329">
  <properties/>
  <testcase name="contextLoads()" classname="com.flow.file_extension_block.FileExtensionBlockApplicationTests" time="0.329"/>
  <system-out><![CDATA[12:54:35.302 [Test worker] INFO org.springframework.test.context.support.AnnotationConfigContextLoaderUtils -- Could not detect default configuration classes for test class [com.flow.file_extension_block.FileExtensionBlockApplicationTests]: FileExtensionBlockApplicationTests does not declare any static, non-private, non-final, nested classes annotated with @Configuration.
12:54:35.408 [Test worker] INFO org.springframework.boot.test.context.SpringBootTestContextBootstrapper -- Found @SpringBootConfiguration com.flow.file_extension_block.FileExtensionBlockApplication for test class com.flow.file_extension_block.FileExtensionBlockApplicationTests

  .   ____          _            __ _ _
 /\\ / ___'_ __ _ _(_)_ __  __ _ \ \ \ \
( ( )\___ | '_ | '_| | '_ \/ _` | \ \ \ \
 \\/  ___)| |_)| | | | | || (_| |  ) ) ) )
  '  |____| .__|_| |_|_| |_\__, | / / / /
 =========|_|==============|___/=/_/_/_/

 :: Spring Boot ::               (v3.4.11)

2025-11-07T12:54:35.860+09:00  INFO 25084 --- [file-extension-block] [    Test worker] c.f.f.FileExtensionBlockApplicationTests : Starting FileExtensionBlockApplicationTests using Java 21.0.7 with PID 25084 (started by WIN 11 in D:\Flow-assignment-Workspace\flow-file-extension-block)
2025-11-07T12:54:35.861+09:00  INFO 25084 --- [file-extension-block] [    Test worker] c.f.f.FileExtensionBlockApplicationTests : No active profile set, falling back to 1 default profile: "default"
2025-11-07T12:54:36.403+09:00  INFO 25084 --- [file-extension-block] [    Test worker] .s.d.r.c.RepositoryConfigurationDelegate : Bootstrapping Spring Data JPA repositories in DEFAULT mode.
2025-11-07T12:54:36.455+09:00  INFO 25084 --- [file-extension-block] [    Test worker] .s.d.r.c.RepositoryConfigurationDelegate : Finished Spring Data repository scanning in 42 ms. Found 1 JPA repository interface.
2025-11-07T12:54:36.755+09:00  INFO 25084 --- [file-extension-block] [    Test worker] com.zaxxer.hikari.HikariDataSource       : HikariPool-1 - Starting...
2025-11-07T12:54:37.098+09:00  INFO 25084 --- [file-extension-block] [    Test worker] com.zaxxer.hikari.pool.HikariPool        : HikariPool-1 - Added connection com.mysql.cj.jdbc.ConnectionImpl@6b9697ae
2025-11-07T12:54:37.100+09:00  INFO 25084 --- [file-extension-block] [    Test worker] com.zaxxer.hikari.HikariDataSource       : HikariPool-1 - Start completed.
2025-11-07T12:54:37.204+09:00  INFO 25084 --- [file-extension-block] [    Test worker] o.hibernate.jpa.internal.util.LogHelper  : HHH000204: Processing PersistenceUnitInfo [name: default]
2025-11-07T12:54:37.257+09:00  INFO 25084 --- [file-extension-block] [    Test worker] org.hibernate.Version                    : HHH000412: Hibernate ORM core version 6.6.33.Final
2025-11-07T12:54:37.290+09:00  INFO 25084 --- [file-extension-block] [    Test worker] o.h.c.internal.RegionFactoryInitiator    : HHH000026: Second-level cache disabled
2025-11-07T12:54:37.544+09:00  INFO 25084 --- [file-extension-block] [    Test worker] o.s.o.j.p.SpringPersistenceUnitInfo      : No LoadTimeWeaver setup: ignoring JPA class transformer
2025-11-07T12:54:37.594+09:00  WARN 25084 --- [file-extension-block] [    Test worker] org.hibernate.orm.deprecation            : HHH90000025: MySQLDialect does not need to be specified explicitly using 'hibernate.dialect' (remove the property setting and it will be selected by default)
2025-11-07T12:54:37.605+09:00  INFO 25084 --- [file-extension-block] [    Test worker] org.hibernate.orm.connections.pooling    : HHH10001005: Database info:
	Database JDBC URL [Connecting through datasource 'HikariDataSource (HikariPool-1)']
	Database driver: undefined/unknown
	Database version: 8.4.7
	Autocommit mode: undefined/unknown
	Isolation level: undefined/unknown
	Minimum pool size: undefined/unknown
	Maximum pool size: undefined/unknown
2025-11-07T12:54:37.612+09:00 DEBUG 25084 --- [file-extension-block] [    Test worker] o.h.t.d.sql.spi.DdlTypeRegistry          : addDescriptor(12, org.hibernate.type.descriptor.sql.internal.CapacityDependentDdlType@4ac7856f) replaced previous registration(org.hibernate.type.descriptor.sql.internal.CapacityDependentDdlType@432f4626)
2025-11-07T12:54:37.613+09:00 DEBUG 25084 --- [file-extension-block] [    Test worker] o.h.t.d.sql.spi.DdlTypeRegistry          : addDescriptor(-9, org.hibernate.type.descriptor.sql.internal.CapacityDependentDdlType@297c3a43) replaced previous registration(org.hibernate.type.descriptor.sql.internal.CapacityDependentDdlType@4c79ca55)
2025-11-07T12:54:37.613+09:00 DEBUG 25084 --- [file-extension-block] [    Test worker] o.h.t.d.sql.spi.DdlTypeRegistry          : addDescriptor(-3, org.hibernate.type.descriptor.sql.internal.CapacityDependentDdlType@3a63d248) replaced previous registration(org.hibernate.type.descriptor.sql.internal.CapacityDependentDdlType@3c4ad54)
2025-11-07T12:54:37.613+09:00 DEBUG 25084 --- [file-extension-block] [    Test worker] o.h.t.d.sql.spi.DdlTypeRegistry          : addDescriptor(4003, org.hibernate.type.descriptor.sql.internal.DdlTypeImpl@4b22214d) replaced previous registration(org.hibernate.type.descriptor.sql.internal.DdlTypeImpl@498b611e)
2025-11-07T12:54:37.613+09:00 DEBUG 25084 --- [file-extension-block] [    Test worker] o.h.t.d.sql.spi.DdlTypeRegistry          : addDescriptor(4001, org.hibernate.type.descriptor.sql.internal.DdlTypeImpl@6dde1bf5) replaced previous registration(org.hibernate.type.descriptor.sql.internal.DdlTypeImpl@4b56b517)
2025-11-07T12:54:37.613+09:00 DEBUG 25084 --- [file-extension-block] [    Test worker] o.h.t.d.sql.spi.DdlTypeRegistry          : addDescriptor(4002, org.hibernate.type.descriptor.sql.internal.DdlTypeImpl@1124dd79) replaced previous registration(org.hibernate.type.descriptor.sql.internal.DdlTypeImpl@335cdd2)
2025-11-07T12:54:37.613+09:00 DEBUG 25084 --- [file-extension-block] [    Test worker] o.h.t.d.sql.spi.DdlTypeRegistry          : addDescriptor(2004, org.hibernate.type.descriptor.sql.internal.CapacityDependentDdlType@1ea96ff2) replaced previous registration(org.hibernate.type.descriptor.sql.internal.DdlTypeImpl@60a99f3d)
2025-11-07T12:54:37.614+09:00 DEBUG 25084 --- [file-extension-block] [    Test worker] o.h.t.d.sql.spi.DdlTypeRegistry          : addDescriptor(2005, org.hibernate.type.descriptor.sql.internal.CapacityDependentDdlType@57515944) replaced previous registration(org.hibernate.type.descriptor.sql.internal.DdlTypeImpl@7a274521)
2025-11-07T12:54:37.614+09:00 DEBUG 25084 --- [file-extension-block] [    Test worker] o.h.t.d.sql.spi.DdlTypeRegistry          : addDescriptor(2011, org.hibernate.type.descriptor.sql.internal.CapacityDependentDdlType@2fa47368) replaced previous registration(org.hibernate.type.descriptor.sql.internal.DdlTypeImpl@35841d6)
2025-11-07T12:54:38.151+09:00  INFO 25084 --- [file-extension-block] [    Test worker] o.h.e.t.j.p.i.JtaPlatformInitiator       : HHH000489: No JTA platform available (set 'hibernate.transaction.jta.platform' to enable JTA platform integration)
2025-11-07T12:54:38.186+09:00  INFO 25084 --- [file-extension-block] [    Test worker] j.LocalContainerEntityManagerFactoryBean : Initialized JPA EntityManagerFactory for persistence unit 'default'
2025-11-07T12:54:38.566+09:00  WARN 25084 --- [file-extension-block] [    Test worker] JpaBaseConfiguration$JpaWebConfiguration : spring.jpa.open-in-view is enabled by default. Therefore, database queries may be performed during view rendering. Explicitly configure spring.jpa.open-in-view to disable this warning
2025-11-07T12:54:38.928+09:00  INFO 25084 --- [file-extension-block] [    Test worker] c.f.f.FileExtensionBlockApplicationTests : Started FileExtensionBlockApplicationTests in 3.382 seconds (process running for 4.405)
]]></system-out>
  <system-err><![CDATA[Mockito is currently self-attaching to enable the inline-mock-maker. This will no longer work in future releases of the JDK. Please add Mockito as an agent to your build what is described in Mockito's documentation: https://javadoc.io/doc/org.mockito/mockito-core/latest/org/mockito/Mockito.html#0.3
WARNING: A Java agent has been loaded dynamically (C:\Users\WIN 11\.gradle\caches\modules-2\files-2.1\net.bytebuddy\byte-buddy-agent\1.15.11\a38b16385e867f59a641330f0362ebe742788ed8\byte-buddy-agent-1.15.11.jar)
WARNING: If a serviceability tool is in use, please run with -XX:+EnableDynamicAgentLoading to hide this warning
WARNING: If a serviceability tool is not in use, please run with -Djdk.instrument.traceUsage for more information
WARNING: Dynamic loading of agents will be disallowed by default in a future release
]]></system-err>
</testsuite>
