<?xml version="1.0" encoding="UTF-8"?>
<testsuite name="com.flow.file_extension_block.domain.ext_file.service.ExtFilePolicyServiceTest" tests="2" skipped="0" failures="0" errors="0" timestamp="2025-11-07T03:54:39.293Z" hostname="LEE" time="0.213">
  <properties/>
  <testcase name="addCustomExtension_shouldThrowExceptionWhenDuplicateName()" classname="com.flow.file_extension_block.domain.ext_file.service.ExtFilePolicyServiceTest" time="0.197"/>
  <testcase name="addCustomExtension_shouldRegisterSuccessfully()" classname="com.flow.file_extension_block.domain.ext_file.service.ExtFilePolicyServiceTest" time="0.015"/>
  <system-out><![CDATA[2025-11-07T12:54:39.276+09:00  INFO 25084 --- [file-extension-block] [    Test worker] t.c.s.AnnotationConfigContextLoaderUtils : Could not detect default configuration classes for test class [com.flow.file_extension_block.domain.ext_file.service.ExtFilePolicyServiceTest]: ExtFilePolicyServiceTest does not declare any static, non-private, non-final, nested classes annotated with @Configuration.
2025-11-07T12:54:39.289+09:00  INFO 25084 --- [file-extension-block] [    Test worker] .b.t.c.SpringBootTestContextBootstrapper : Found @SpringBootConfiguration com.flow.file_extension_block.FileExtensionBlockApplication for test class com.flow.file_extension_block.domain.ext_file.service.ExtFilePolicyServiceTest
2025-11-07T12:54:39.391+09:00 DEBUG 25084 --- [file-extension-block] [    Test worker] org.hibernate.SQL                        : 
    select
        count(efpe1_0.id) 
    from
        ext_file_policy efpe1_0 
    where
        efpe1_0.type=?
Hibernate: 
    select
        count(efpe1_0.id) 
    from
        ext_file_policy efpe1_0 
    where
        efpe1_0.type=?
2025-11-07T12:54:39.411+09:00 DEBUG 25084 --- [file-extension-block] [    Test worker] org.hibernate.SQL                        : 
    select
        efpe1_0.id,
        efpe1_0.created_ip,
        efpe1_0.cs_add_status,
        efpe1_0.is_active,
        efpe1_0.name,
        efpe1_0.note,
        efpe1_0.post_date,
        efpe1_0.px_status,
        efpe1_0.type,
        efpe1_0.update_date 
    from
        ext_file_policy efpe1_0 
    where
        efpe1_0.name=?
Hibernate: 
    select
        efpe1_0.id,
        efpe1_0.created_ip,
        efpe1_0.cs_add_status,
        efpe1_0.is_active,
        efpe1_0.name,
        efpe1_0.note,
        efpe1_0.post_date,
        efpe1_0.px_status,
        efpe1_0.type,
        efpe1_0.update_date 
    from
        ext_file_policy efpe1_0 
    where
        efpe1_0.name=?
2025-11-07T12:54:39.423+09:00  INFO 25084 --- [file-extension-block] [    Test worker] c.f.f.d.e.service.ExtFilePolicyService   : [SECURITY] Custom extension added → name=duplicate, ipHash=12ca17b49af2..., status=Y, active=0, updateDate=2025-11-07T12:54:39.423500800
2025-11-07T12:54:39.454+09:00 DEBUG 25084 --- [file-extension-block] [    Test worker] org.hibernate.SQL                        : 
    insert 
    into
        ext_file_policy
        (created_ip, cs_add_status, is_active, name, note, post_date, px_status, type, update_date) 
    values
        (?, ?, ?, ?, ?, ?, ?, ?, ?)
Hibernate: 
    insert 
    into
        ext_file_policy
        (created_ip, cs_add_status, is_active, name, note, post_date, px_status, type, update_date) 
    values
        (?, ?, ?, ?, ?, ?, ?, ?, ?)
2025-11-07T12:54:39.480+09:00 DEBUG 25084 --- [file-extension-block] [    Test worker] org.hibernate.SQL                        : 
    select
        count(efpe1_0.id) 
    from
        ext_file_policy efpe1_0 
    where
        efpe1_0.type=?
Hibernate: 
    select
        count(efpe1_0.id) 
    from
        ext_file_policy efpe1_0 
    where
        efpe1_0.type=?
2025-11-07T12:54:39.482+09:00 DEBUG 25084 --- [file-extension-block] [    Test worker] org.hibernate.SQL                        : 
    select
        efpe1_0.id,
        efpe1_0.created_ip,
        efpe1_0.cs_add_status,
        efpe1_0.is_active,
        efpe1_0.name,
        efpe1_0.note,
        efpe1_0.post_date,
        efpe1_0.px_status,
        efpe1_0.type,
        efpe1_0.update_date 
    from
        ext_file_policy efpe1_0 
    where
        efpe1_0.name=?
Hibernate: 
    select
        efpe1_0.id,
        efpe1_0.created_ip,
        efpe1_0.cs_add_status,
        efpe1_0.is_active,
        efpe1_0.name,
        efpe1_0.note,
        efpe1_0.post_date,
        efpe1_0.px_status,
        efpe1_0.type,
        efpe1_0.update_date 
    from
        ext_file_policy efpe1_0 
    where
        efpe1_0.name=?
2025-11-07T12:54:39.494+09:00 DEBUG 25084 --- [file-extension-block] [    Test worker] org.hibernate.SQL                        : 
    select
        count(efpe1_0.id) 
    from
        ext_file_policy efpe1_0 
    where
        efpe1_0.type=?
Hibernate: 
    select
        count(efpe1_0.id) 
    from
        ext_file_policy efpe1_0 
    where
        efpe1_0.type=?
2025-11-07T12:54:39.496+09:00 DEBUG 25084 --- [file-extension-block] [    Test worker] org.hibernate.SQL                        : 
    select
        efpe1_0.id,
        efpe1_0.created_ip,
        efpe1_0.cs_add_status,
        efpe1_0.is_active,
        efpe1_0.name,
        efpe1_0.note,
        efpe1_0.post_date,
        efpe1_0.px_status,
        efpe1_0.type,
        efpe1_0.update_date 
    from
        ext_file_policy efpe1_0 
    where
        efpe1_0.name=?
Hibernate: 
    select
        efpe1_0.id,
        efpe1_0.created_ip,
        efpe1_0.cs_add_status,
        efpe1_0.is_active,
        efpe1_0.name,
        efpe1_0.note,
        efpe1_0.post_date,
        efpe1_0.px_status,
        efpe1_0.type,
        efpe1_0.update_date 
    from
        ext_file_policy efpe1_0 
    where
        efpe1_0.name=?
2025-11-07T12:54:39.498+09:00  INFO 25084 --- [file-extension-block] [    Test worker] c.f.f.d.e.service.ExtFilePolicyService   : [SECURITY] Custom extension added → name=testext, ipHash=12ca17b49af2..., status=Y, active=0, updateDate=2025-11-07T12:54:39.498496400
2025-11-07T12:54:39.499+09:00 DEBUG 25084 --- [file-extension-block] [    Test worker] org.hibernate.SQL                        : 
    insert 
    into
        ext_file_policy
        (created_ip, cs_add_status, is_active, name, note, post_date, px_status, type, update_date) 
    values
        (?, ?, ?, ?, ?, ?, ?, ?, ?)
Hibernate: 
    insert 
    into
        ext_file_policy
        (created_ip, cs_add_status, is_active, name, note, post_date, px_status, type, update_date) 
    values
        (?, ?, ?, ?, ?, ?, ?, ?, ?)
]]></system-out>
  <system-err><![CDATA[]]></system-err>
</testsuite>
